13:12:02| Starting to retrieve data from the server
13:12:04| -------------------------------------
13:12:04| Title   : Revenge of the Sith
13:12:04| Director: George Lucas
13:12:04| Producer: Rick McCallum
13:12:04| Released: 2005-05-19
13:12:04| 
13:12:04| Characters: 0
13:12:04| 
13:12:04| 
13:12:04| Planets: 0
13:12:04| 
13:12:04| 
13:12:04| Starships: 0
13:12:04| 
13:12:04| 
13:12:04| Vehicles: 0
13:12:04| 
13:12:04| 
13:12:04| Species: 0
13:12:04| 
13:12:04| 
13:12:04| Total Time To complete = 2.23933080
13:12:04| There were 2 calls to the server
