13:12:39| Starting to retrieve data from the server
13:12:41| -------------------------------------
13:12:41| Title   : Revenge of the Sith
13:12:41| Director: George Lucas
13:12:41| Producer: Rick McCallum
13:12:41| Released: 2005-05-19
13:12:41| 
13:12:41| Characters: 0
13:12:41| 
13:12:41| 
13:12:41| Planets: 0
13:12:41| 
13:12:41| 
13:12:41| Starships: 0
13:12:41| 
13:12:41| 
13:12:41| Vehicles: 0
13:12:41| 
13:12:41| 
13:12:41| Species: 0
13:12:41| 
13:12:41| 
13:12:41| Total Time To complete = 2.33086170
13:12:41| There were 2 calls to the server
