13:09:22| Starting to retrieve data from the server
13:09:24| -------------------------------------
13:09:24| Title   : Revenge of the Sith
13:09:24| Director: George Lucas
13:09:24| Producer: Rick McCallum
13:09:24| Released: 2005-05-19
13:09:24| 
13:09:24| Characters: 0
13:09:24| 
13:09:24| 
13:09:24| Planets: 0
13:09:24| 
13:09:24| 
13:09:24| Starships: 0
13:09:24| 
13:09:24| 
13:09:24| Vehicles: 0
13:09:24| 
13:09:24| 
13:09:24| Species: 0
13:09:24| 
13:09:24| 
13:09:24| Total Time To complete = 2.24572530
13:09:24| There were 2 calls to the server
