13:12:59| Starting to retrieve data from the server
13:13:03| -------------------------------------
13:13:03| Title   : Revenge of the Sith
13:13:03| Director: George Lucas
13:13:03| Producer: Rick McCallum
13:13:03| Released: 2005-05-19
13:13:03| 
13:13:03| Characters: 0
13:13:03| 
13:13:03| 
13:13:03| Planets: 0
13:13:03| 
13:13:03| 
13:13:03| Starships: 0
13:13:03| 
13:13:03| 
13:13:03| Vehicles: 13
13:13:03| AT-RT, AT-TE, Clone turbo tank, Corporate Alliance tank droid, Droid gunship, Droid tri-fighter, Emergency Firespeeder, LAAT/i, Neimoidian shuttle, Oevvaor jet catamaran, Raddaugh Gnasp fluttercraft, Tsmeu-6 personal wheel bike, Vulture Droid
13:13:03| 
13:13:03| Species: 0
13:13:03| 
13:13:03| 
13:13:03| Total Time To complete = 3.39678950
13:13:03| There were 15 calls to the server
