13:14:30| Starting to retrieve data from the server
13:14:34| -------------------------------------
13:14:34| Title   : Revenge of the Sith
13:14:34| Director: George Lucas
13:14:34| Producer: Rick McCallum
13:14:34| Released: 2005-05-19
13:14:34| 
13:14:34| Characters: 34
13:14:34| Adi Gallia, Anakin Skywalker, Ayla Secura, Bail Prestor Organa, Beru Whitesun lars, C-3PO, Chewbacca, Darth Vader, Dooku, Eeth Koth, Grievous, Ki-Adi-Mundi, Kit Fisto, Leia Organa, Luke Skywalker, Luminara Unduli, Mace Windu, Nute Gunray, Obi-Wan Kenobi, Owen Lars, Padmé Amidala, Palpatine, Plo Koon, Poggle the Lesser, R2-D2, R4-P17, Raymus Antilles, Saesee Tiin, Shaak Ti, Sly Moore, Tarfful, Tion Medon, Wilhuff Tarkin, Yoda
13:14:34| 
13:14:34| Planets: 0
13:14:34| 
13:14:34| 
13:14:34| Starships: 12
13:14:34| Banking clan frigte, Belbullab-22 starfighter, CR90 corvette, Droid control ship, Jedi Interceptor, Jedi starfighter, Naboo star skiff, Republic attack cruiser, Theta-class T-2c shuttle, Trade Federation cruiser, V-wing, arc-170
13:14:34| 
13:14:34| Vehicles: 13
13:14:34| AT-RT, AT-TE, Clone turbo tank, Corporate Alliance tank droid, Droid gunship, Droid tri-fighter, Emergency Firespeeder, LAAT/i, Neimoidian shuttle, Oevvaor jet catamaran, Raddaugh Gnasp fluttercraft, Tsmeu-6 personal wheel bike, Vulture Droid
13:14:34| 
13:14:34| Species: 20
13:14:34| Cerean, Chagrian, Clawdite, Droid, Geonosian, Human, Iktotchi, Kaleesh, Kel Dor, Mirialan, Muun, Pau an, Quermian, Skakoan, Tholothian, Togruta, Toong, Twi lek, Wookie, Yoda species
13:14:34| 
13:14:34| Total Time To complete = 3.89224460
13:14:34| There were 81 calls to the server
