13:11:11| Starting to retrieve data from the server
13:11:13| -------------------------------------
13:11:13| Title   : Revenge of the Sith
13:11:13| Director: George Lucas
13:11:13| Producer: Rick McCallum
13:11:13| Released: 2005-05-19
13:11:13| 
13:11:13| Characters: 0
13:11:13| 
13:11:13| 
13:11:13| Planets: 0
13:11:13| 
13:11:13| 
13:11:13| Starships: 0
13:11:13| 
13:11:13| 
13:11:13| Vehicles: 0
13:11:13| 
13:11:13| 
13:11:13| Species: 0
13:11:13| 
13:11:13| 
13:11:13| Total Time To complete = 2.20575570
13:11:13| There were 2 calls to the server
