12:19:07| Starting to retrieve data from the server
12:19:45| -------------------------------------
12:19:45| Title   : Revenge of the Sith
12:19:45| Director: George Lucas
12:19:45| Producer: Rick McCallum
12:19:45| Released: 2005-05-19
12:19:45| 
12:19:45| Characters: 34
12:19:45| ['Luke Skywalker', 'C-3PO', 'R2-D2', 'Darth Vader', 'Leia Organa', 'Owen Lars', 'Beru Whitesun lars', 'Obi-Wan Kenobi', 'Anakin Skywalker', 'Wilhuff Tarkin', 'Chewbacca', 'Yoda', 'Palpatine', 'Nute Gunray', 'Padmé Amidala', 'Ayla Secura', 'Mace Windu', 'Ki-Adi-Mundi', 'Kit Fisto', 'Eeth Koth', 'Adi Gallia', 'Saesee Tiin', 'Plo Koon', 'Poggle the Lesser', 'Luminara Unduli', 'Dooku', 'Bail Prestor Organa', 'R4-P17', 'Shaak Ti', 'Grievous', 'Tarfful', 'Raymus Antilles', 'Sly Moore', 'Tion Medon']
12:19:45| 
12:19:45| Planets: 13
12:19:45| ['Tatooine', 'Alderaan', 'Dagobah', 'Naboo', 'Coruscant', 'Utapau', 'Mustafar', 'Kashyyyk', 'Polis Massa', 'Mygeeto', 'Felucia', 'Cato Neimoidia', 'Saleucami']
12:19:45| 
12:19:45| Starships: 12
12:19:45| ['CR90 corvette', 'Droid control ship', 'Jedi starfighter', 'Trade Federation cruiser', 'Theta-class T-2c shuttle', 'Republic attack cruiser', 'Naboo star skiff', 'Jedi Interceptor', 'arc-170', 'Banking clan frigte', 'Belbullab-22 starfighter', 'V-wing']
12:19:45| 
12:19:45| Vehicles: 13
12:19:46| ['Vulture Droid', 'LAAT/i', 'AT-TE', 'Neimoidian shuttle', 'Tsmeu-6 personal wheel bike', 'Emergency Firespeeder', 'Droid tri-fighter', 'Oevvaor jet catamaran', 'Raddaugh Gnasp fluttercraft', 'Clone turbo tank', 'Corporate Alliance tank droid', 'Droid gunship', 'AT-RT']
12:19:46| 
12:19:46| Species: 20
12:19:46| ['Human', 'Droid', 'Wookie', 'Yoda species', 'Twi lek', 'Toong', 'Cerean', 'Tholothian', 'Iktotchi', 'Quermian', 'Kel Dor', 'Chagrian', 'Geonosian', 'Mirialan', 'Clawdite', 'Skakoan', 'Muun', 'Togruta', 'Kaleesh', 'Pau an']
12:19:46| 
12:19:46| Total Time To complete = 38.25701180
12:19:46| There were 94 calls to the server
