12:33:36| Starting to retrieve data from the server
12:34:13| -------------------------------------
12:34:13| Title   : Revenge of the Sith
12:34:13| Director: George Lucas
12:34:13| Producer: Rick McCallum
12:34:13| Released: 2005-05-19
12:34:13| 
12:34:13| Characters: 34
12:34:13| Adi Gallia, Anakin Skywalker, Ayla Secura, Bail Prestor Organa, Beru Whitesun lars, C-3PO, Chewbacca, Darth Vader, Dooku, Eeth Koth, Grievous, Ki-Adi-Mundi, Kit Fisto, Leia Organa, Luke Skywalker, Luminara Unduli, Mace Windu, Nute Gunray, Obi-Wan Kenobi, Owen Lars, Padmé Amidala, Palpatine, Plo Koon, Poggle the Lesser, R2-D2, R4-P17, Raymus Antilles, Saesee Tiin, Shaak Ti, Sly Moore, Tarfful, Tion Medon, Wilhuff Tarkin, Yoda
12:34:13| 
12:34:13| Planets: 13
12:34:13| ['Alderaan', 'Cato Neimoidia', 'Coruscant', 'Dagobah', 'Felucia', 'Kashyyyk', 'Mustafar', 'Mygeeto', 'Naboo', 'Polis Massa', 'Saleucami', 'Tatooine', 'Utapau']
12:34:13| 
12:34:13| Starships: 12
12:34:13| ['Banking clan frigte', 'Belbullab-22 starfighter', 'CR90 corvette', 'Droid control ship', 'Jedi Interceptor', 'Jedi starfighter', 'Naboo star skiff', 'Republic attack cruiser', 'Theta-class T-2c shuttle', 'Trade Federation cruiser', 'V-wing', 'arc-170']
12:34:13| 
12:34:13| Vehicles: 13
12:34:13| ['AT-RT', 'AT-TE', 'Clone turbo tank', 'Corporate Alliance tank droid', 'Droid gunship', 'Droid tri-fighter', 'Emergency Firespeeder', 'LAAT/i', 'Neimoidian shuttle', 'Oevvaor jet catamaran', 'Raddaugh Gnasp fluttercraft', 'Tsmeu-6 personal wheel bike', 'Vulture Droid']
12:34:13| 
12:34:13| Species: 20
12:34:13| ['Cerean', 'Chagrian', 'Clawdite', 'Droid', 'Geonosian', 'Human', 'Iktotchi', 'Kaleesh', 'Kel Dor', 'Mirialan', 'Muun', 'Pau an', 'Quermian', 'Skakoan', 'Tholothian', 'Togruta', 'Toong', 'Twi lek', 'Wookie', 'Yoda species']
12:34:13| 
12:34:13| Total Time To complete = 37.19772570
12:34:13| There were 94 calls to the server
